Loading model from: ./models/./mbart_fine_tuned_eng_hin
Loading model from: ./models/./mbart_fine_tuned_hin_eng

Eng -> Hindi Translation

Original: The diagnosis of hypoalbuminemia is related to nephrotic syndrome
Translated: हाइपरएल्ब्यूमिनिमिया का निदान नेफ्रोटिक सिंड्रोम से संबंधित है।
Reference: हाइपोएल्बुमिनेमिया का निदान नेफ्रोटिक सिंड्रोम से संबंधित है।

Hindi -> Eng Translation

Original: हाइपोएल्बुमिनेमिया का निदान नेफ्रोटिक सिंड्रोम से संबंधित है।
Translated: The diagnosis of hyperalbinemia is related to nephrotic syndrome.
Reference: The diagnosis of hypoalbuminemia is related to nephrotic syndrome


Eng -> Hindi Translation

Original: The sunlight was warm and pleasant
Translated: सूर्य की रोशनी गर्म और सुखद थी।
Reference: धूप गरम और सुखद थी।

Hindi -> Eng Translation

Original: धूप गरम और सुखद थी।
Translated: The sun was warm and comfortable.
Reference: The sunlight was warm and pleasant

Eng -> Hindi Translation

Original: She shared her heartfelt thoughts with me.
Translated text: वह मेरे साथ अपनी हार्दिक भावनाओं को बांटती थी।
Translated: वह मेरे साथ अपनी हार्दिक भावनाओं को बांटती थी।
Reference: उसने मुझसे मन की बात कही।

Hindi -> Eng Translation

Original: उसने मुझसे मन की बात कही।
Translated text: He told me what he thought.
Translated: He told me what he thought.
Reference: She shared her heartfelt thoughts with me.

Eng -> Hindi Translation

Original: He spoke his mind to me.
Translated: उसने अपनी बात मुझसे कही।
Reference: उसने मुझसे मन की बात कही।

Hindi -> Eng Translation

Original: उसने मुझसे मन की बात कही।
Translated: He told me what he thought.
Reference: He spoke his mind to me.
